Arguments: 
  C:\Program Files\nodejs\node.exe C:\Users\HT-hwm\AppData\Roaming\npm\node_modules\yarn\bin\yarn.js add electron-squirrel-startup

PATH: 
  D:\myTest\electron\node_modules\.bin;C:\Users\HT-hwm\bin;C:\Program Files\Git\mingw64\bin;C:\Program Files\Git\usr\local\bin;C:\Program Files\Git\usr\bin;C:\Program Files\Git\usr\bin;C:\Program Files\Git\mingw64\bin;C:\Program Files\Git\usr\bin;C:\Users\HT-hwm\bin;C:\Windows\system32;C:\Windows;C:\Windows\System32\Wbem;C:\Windows\System32\WindowsPowerShell\v1.0;C:\Program Files (x86)\NVIDIA Corporation\PhysX\Common;C:\Program Files (x86)\Bitvise SSH Client;C:\WINDOWS\system32;C:\WINDOWS;C:\WINDOWS\System32\Wbem;C:\WINDOWS\System32\WindowsPowerShell\v1.0;C:\WINDOWS\System32\OpenSSH;C:\Program Files (x86)\Intel\Intel(R) Management Engine Components\DAL;C:\Program Files\Intel\Intel(R) Management Engine Components\DAL;D:\Bento4\bin;C:\Program Files\Git\cmd;C:\Users\HT-hwm\AppData\Roaming\nvm;C:\Program Files\nodejs;C:\Program Files (x86)\Tencent\微信web开发者工具\dll;C:\Users\HT-hwm\AppData\Local\Microsoft\WindowsApps;C:\Users\HT-hwm\AppData\Local\Programs\Microsoft VS Code\bin;C:\Program Files\Git\usr\bin;C:\Users\HT-hwm\AppData\Roaming\npm;C:\Users\HT-hwm\AppData\Roaming\nvm;C:\Program Files\nodejs;C:\Users\HT-hwm\AppData\Local\Programs\Fiddler;C:\Program Files\Git\usr\bin\vendor_perl;C:\Program Files\Git\usr\bin\core_perl

Yarn version: 
  1.22.10

Node version: 
  14.15.0

Platform: 
  win32 x64

Trace: 
  Error: ENOENT: no such file or directory, copyfile 'C:\Users\HT-hwm\AppData\Local\Yarn\Cache\v6\npm-path-key-3.1.1-581f6ade658cbba65a0d3380de7753295054f375-integrity\node_modules\path-key\index.js' -> 'D:\myTest\electron\node_modules\@electron\universal\node_modules\path-key\index.js'

npm manifest: 
  {
    "name": "electron",
    "version": "1.0.0",
    "description": "electron-test",
    "main": "main.js",
    "scripts": {
      "dev": "electron .",
      "start": "electron-forge start",
      "package": "electron-forge package",
      "make": "electron-forge make"
    },
    "keywords": [
      "electron"
    ],
    "author": "weimingHuang",
    "license": "ISC",
    "devDependencies": {
      "@electron-forge/cli": "^6.0.0-beta.63",
      "electron": "^18.2.0"
    },
    "dependencies": {}
  }

yarn manifest: 
  No manifest

Lockfile: 
  No lockfile
